// Validating benchmarks:
// ***** BenchmarkRunner: Start   *****
// ***** Found 3 benchmark(s) in total *****
// ***** Building 1 exe(s) in Parallel: Start   *****
// start dotnet  restore /p:UseSharedCompilation=false /p:BuildInParallel=false /m:1 /p:Deterministic=true /p:Optimize=true in D:\Nauka\Repos\EntityFramework-7\EntityFrameworkNews\AddVsAddRange\bin\Release\net7.0\1a20f6a3-b3ce-40b1-9a41-ca2bc9074e55
// command took 1,67s and exited with 0
// start dotnet  build -c Release --no-restore /p:UseSharedCompilation=false /p:BuildInParallel=false /m:1 /p:Deterministic=true /p:Optimize=true in D:\Nauka\Repos\EntityFramework-7\EntityFrameworkNews\AddVsAddRange\bin\Release\net7.0\1a20f6a3-b3ce-40b1-9a41-ca2bc9074e55
// command took 3,23s and exited with 1
// start dotnet  build -c Release --no-restore --no-dependencies /p:UseSharedCompilation=false /p:BuildInParallel=false /m:1 /p:Deterministic=true /p:Optimize=true in D:\Nauka\Repos\EntityFramework-7\EntityFrameworkNews\AddVsAddRange\bin\Release\net7.0\1a20f6a3-b3ce-40b1-9a41-ca2bc9074e55
// command took 2,73s and exited with 1
// ***** Done, took 00:00:07 (7.93 sec)   *****
// Found 3 benchmarks:
//   AdditionService.AddUsersWithSaveChangesInLoop: DefaultJob
//   AdditionService.AddUsersWithOnlyOneSaveChanges: DefaultJob
//   AdditionService.AddRangeUsers: DefaultJob

Setup power plan (GUID: 8c5e7fda-e8bf-4a96-9a85-a6e23a8c635c FriendlyName: Wysoka wydajność)
// Build Error: Standard output: 
  
 Standard error: 
 MSBuild version 17.4.0+18d5aef85 for .NET
D:\Nauka\Repos\EntityFramework-7\EntityFrameworkNews\AddVsAddRange\bin\Release\net7.0\1a20f6a3-b3ce-40b1-9a41-ca2bc9074e55\1a20f6a3-b3ce-40b1-9a41-ca2bc9074e55.notcs(190,16): error CS7036: There is no argument given that corresponds to the required parameter 'dbContext' of 'AdditionService.AdditionService(IApplicationDbContext)' [D:\Nauka\Repos\EntityFramework-7\EntityFrameworkNews\AddVsAddRange\bin\Release\net7.0\1a20f6a3-b3ce-40b1-9a41-ca2bc9074e55\BenchmarkDotNet.Autogenerated.csproj]
D:\Nauka\Repos\EntityFramework-7\EntityFrameworkNews\AddVsAddRange\bin\Release\net7.0\1a20f6a3-b3ce-40b1-9a41-ca2bc9074e55\1a20f6a3-b3ce-40b1-9a41-ca2bc9074e55.notcs(390,16): error CS7036: There is no argument given that corresponds to the required parameter 'dbContext' of 'AdditionService.AdditionService(IApplicationDbContext)' [D:\Nauka\Repos\EntityFramework-7\EntityFrameworkNews\AddVsAddRange\bin\Release\net7.0\1a20f6a3-b3ce-40b1-9a41-ca2bc9074e55\BenchmarkDotNet.Autogenerated.csproj]
D:\Nauka\Repos\EntityFramework-7\EntityFrameworkNews\AddVsAddRange\bin\Release\net7.0\1a20f6a3-b3ce-40b1-9a41-ca2bc9074e55\1a20f6a3-b3ce-40b1-9a41-ca2bc9074e55.notcs(590,16): error CS7036: There is no argument given that corresponds to the required parameter 'dbContext' of 'AdditionService.AdditionService(IApplicationDbContext)' [D:\Nauka\Repos\EntityFramework-7\EntityFrameworkNews\AddVsAddRange\bin\Release\net7.0\1a20f6a3-b3ce-40b1-9a41-ca2bc9074e55\BenchmarkDotNet.Autogenerated.csproj]
Build FAILED.
D:\Nauka\Repos\EntityFramework-7\EntityFrameworkNews\AddVsAddRange\bin\Release\net7.0\1a20f6a3-b3ce-40b1-9a41-ca2bc9074e55\1a20f6a3-b3ce-40b1-9a41-ca2bc9074e55.notcs(190,16): error CS7036: There is no argument given that corresponds to the required parameter 'dbContext' of 'AdditionService.AdditionService(IApplicationDbContext)' [D:\Nauka\Repos\EntityFramework-7\EntityFrameworkNews\AddVsAddRange\bin\Release\net7.0\1a20f6a3-b3ce-40b1-9a41-ca2bc9074e55\BenchmarkDotNet.Autogenerated.csproj]
D:\Nauka\Repos\EntityFramework-7\EntityFrameworkNews\AddVsAddRange\bin\Release\net7.0\1a20f6a3-b3ce-40b1-9a41-ca2bc9074e55\1a20f6a3-b3ce-40b1-9a41-ca2bc9074e55.notcs(390,16): error CS7036: There is no argument given that corresponds to the required parameter 'dbContext' of 'AdditionService.AdditionService(IApplicationDbContext)' [D:\Nauka\Repos\EntityFramework-7\EntityFrameworkNews\AddVsAddRange\bin\Release\net7.0\1a20f6a3-b3ce-40b1-9a41-ca2bc9074e55\BenchmarkDotNet.Autogenerated.csproj]
D:\Nauka\Repos\EntityFramework-7\EntityFrameworkNews\AddVsAddRange\bin\Release\net7.0\1a20f6a3-b3ce-40b1-9a41-ca2bc9074e55\1a20f6a3-b3ce-40b1-9a41-ca2bc9074e55.notcs(590,16): error CS7036: There is no argument given that corresponds to the required parameter 'dbContext' of 'AdditionService.AdditionService(IApplicationDbContext)' [D:\Nauka\Repos\EntityFramework-7\EntityFrameworkNews\AddVsAddRange\bin\Release\net7.0\1a20f6a3-b3ce-40b1-9a41-ca2bc9074e55\BenchmarkDotNet.Autogenerated.csproj]
    0 Warning(s)
    3 Error(s)
Time Elapsed 00:00:02.28

// BenchmarkDotNet has failed to build the auto-generated boilerplate code.
// It can be found in D:\Nauka\Repos\EntityFramework-7\EntityFrameworkNews\AddVsAddRange\bin\Release\net7.0\1a20f6a3-b3ce-40b1-9a41-ca2bc9074e55
// Please follow the troubleshooting guide: https://benchmarkdotnet.org/articles/guides/troubleshooting.html

// ** Remained 0 (0,0%) benchmark(s) to run. Estimated finish 2023-05-03 15:37 (0h 0m from now) **
Successfully reverted power plan (GUID: 381b4222-f694-41f0-9685-ff5bb260df2e FriendlyName: Zrównoważony)
// ***** BenchmarkRunner: Finish  *****

// * Export *
  BenchmarkDotNet.Artifacts\results\AddVsAddRange.AdditionService-report.csv
  BenchmarkDotNet.Artifacts\results\AddVsAddRange.AdditionService-report-github.md
  BenchmarkDotNet.Artifacts\results\AddVsAddRange.AdditionService-report.html

// * Detailed results *
AdditionService.AddUsersWithSaveChangesInLoop: DefaultJob
Runtime = ; GC = 
There are not any results runs

// * Summary *

BenchmarkDotNet=v0.13.5, OS=Windows 11 (10.0.22621.1555/22H2/2022Update/SunValley2)
Intel Core i7-8750H CPU 2.20GHz (Coffee Lake), 1 CPU, 12 logical and 6 physical cores
.NET SDK=7.0.100
  [Host] : .NET 7.0.0 (7.0.22.51805), X64 RyuJIT AVX2 [AttachedDebugger]


|                        Method | Mean | Error |
|------------------------------ |-----:|------:|
| AddUsersWithSaveChangesInLoop |   NA |    NA |

Benchmarks with issues:
  AdditionService.AddUsersWithSaveChangesInLoop: DefaultJob

// * Warnings *
Environment
  Summary -> Benchmark was executed with attached debugger

// * Legends *
  Mean  : Arithmetic mean of all measurements
  Error : Half of 99.9% confidence interval
  1 ns  : 1 Nanosecond (0.000000001 sec)

// * Diagnostic Output - MemoryDiagnoser *


// ***** BenchmarkRunner: End *****
Run time: 00:00:00 (0.09 sec), executed benchmarks: 0

Global total time: 00:00:08 (8.44 sec), executed benchmarks: 0
// * Artifacts cleanup *
